<?xml version="1.0" encoding="UTF-8"?>
<!-- Generated by org.testng.reporters.JUnitReportReporter -->
<testsuite hostname="LAPTOP-M1K75O3V" failures="0" tests="1" name="testCases.TC002_RegisterTest" time="4.089" errors="0" timestamp="2025-08-07T18:22:38 IST" skipped="0">
  <testcase classname="testCases.TC002_RegisterTest" name="register" time="4.089"/>
</testsuite> <!-- testCases.TC002_RegisterTest -->
