<?xml version="1.0" encoding="UTF-8"?>
<!-- Generated by org.testng.reporters.JUnitReportReporter -->
<testsuite hostname="LAPTOP-M1K75O3V" failures="0" tests="1" name="testBase.TC001_LoginTest" time="4.287" errors="0" timestamp="2025-07-23T10:24:08 IST" skipped="0">
  <testcase classname="testBase.TC001_LoginTest" name="verify_login" time="4.287"/>
</testsuite> <!-- testBase.TC001_LoginTest -->
