<?xml version="1.0" encoding="UTF-8"?>
<!-- Generated by org.testng.reporters.JUnitReportReporter -->
<testsuite hostname="LAPTOP-M1K75O3V" failures="0" tests="1" name="testCases.TC002_SignUpTest" time="0.004" errors="0" timestamp="2025-08-02T23:24:14 IST" skipped="0">
  <testcase classname="testCases.TC002_SignUpTest" name="createAccount" time="0.004"/>
</testsuite> <!-- testCases.TC002_SignUpTest -->
